<?xml version="1.0" encoding="UTF-8"?>
<!-- Generated by org.testng.reporters.JUnitXMLReporter -->
<testsuite ignored="3" hostname="DESKTOP-NVPTPKF" failures="0" tests="1" name="Test" time="24.859" errors="0" timestamp="2021-02-28T13:59:00 IST">
  <testcase classname="com.crm.techsan.lead.CreateLead" name="creatNewLeadBykeepAllTheFieldsBlankAndSaveTest" time="13.57"/>
  <testcase classname="com.crm.techsan.lead.CreateLead" name="creatNewLeadbByfillAllTheFieldsAndSaveTest" time="0.0">
    <ignored/>
  </testcase> <!-- creatNewLeadbByfillAllTheFieldsAndSaveTest -->
  <testcase classname="com.crm.techsan.lead.CreateLead" name="creatNewLeadByfillAllTheMandatoryFieldsAndSaveTest" time="0.0">
    <ignored/>
  </testcase> <!-- creatNewLeadByfillAllTheMandatoryFieldsAndSaveTest -->
  <testcase classname="com.crm.techsan.lead.CreateLead" name="creatNewLeadbykeepAllTheMandatoryFieldBlankAndSaveTest" time="0.0">
    <ignored/>
  </testcase> <!-- creatNewLeadbykeepAllTheMandatoryFieldBlankAndSaveTest -->
</testsuite> <!-- Test -->
